[2011-12-29 14:11:01] security.INFO: Populated SecurityContext with an anonymous Token [] []
[2011-12-29 14:11:02] request.ERROR: Symfony\Component\HttpKernel\Exception\MethodNotAllowedHttpException: No route found for "GET /connexion/resetting/send-email": Method Not Allowed (Allow: POST) (uncaught exception) at C:\wamp\www\backcon\Symfony\vendor\symfony\src\Symfony\Bundle\FrameworkBundle\EventListener\RouterListener.php line 87 [] []
[2011-12-29 16:50:27] security.DEBUG: Read SecurityContext from the session [] []
[2011-12-29 16:50:27] security.DEBUG: Reloading user from user provider. [] []
[2011-12-29 16:50:27] security.DEBUG: Username "test" was reloaded from user provider. [] []
[2011-12-29 16:50:27] request.ERROR: Symfony\Component\HttpKernel\Exception\NotFoundHttpException: No route found for "GET /backcon/dashboard/images/favicon.ico" (uncaught exception) at C:\wamp\www\backcon\Symfony\app\cache\prod\classes.php line 4560 [] []
[2011-12-29 16:50:27] security.DEBUG: Write SecurityContext in the session [] []
[2011-12-29 16:50:28] security.DEBUG: Read SecurityContext from the session [] []
[2011-12-29 16:50:28] security.DEBUG: Reloading user from user provider. [] []
[2011-12-29 16:50:28] security.DEBUG: Username "test" was reloaded from user provider. [] []
[2011-12-29 16:50:28] request.ERROR: Symfony\Component\HttpKernel\Exception\NotFoundHttpException: No route found for "GET /backcon/dashboard/images/favicon.ico" (uncaught exception) at C:\wamp\www\backcon\Symfony\app\cache\prod\classes.php line 4560 [] []
[2011-12-29 16:50:28] security.DEBUG: Write SecurityContext in the session [] []
[2011-12-29 16:50:28] security.DEBUG: Read SecurityContext from the session [] []
[2011-12-29 16:50:28] security.DEBUG: Reloading user from user provider. [] []
[2011-12-29 16:50:28] security.DEBUG: Username "test" was reloaded from user provider. [] []
[2011-12-29 16:50:28] request.ERROR: Symfony\Component\HttpKernel\Exception\NotFoundHttpException: No route found for "GET /backcon/dashboard/images/favicon.ico" (uncaught exception) at C:\wamp\www\backcon\Symfony\app\cache\prod\classes.php line 4560 [] []
[2011-12-29 16:50:28] security.DEBUG: Write SecurityContext in the session [] []
[2011-12-29 17:05:53] security.INFO: Populated SecurityContext with an anonymous Token [] []
[2011-12-29 17:05:53] request.INFO: Matched route "fos_user_security_login" (parameters: "_controller": "FOS\UserBundle\Controller\SecurityController::loginAction", "_route": "fos_user_security_login") [] []
[2011-12-29 17:05:54] request.CRITICAL: Twig_Error_Syntax: The filter "html" does not exist in "BackconConnexionBundle::layout.html.twig" (uncaught exception) at C:\wamp\www\backcon\Symfony\vendor\twig\lib\Twig\Node\Expression\Filter.php line 23 [] []
